Added Pin To Net: NetName=A Pin=R2-1
Added Net: Name=A
Added Pin To Net: NetName=B Pin=R3-1
Added Net: Name=B
Added Pin To Net: NetName=C Pin=R4-1
Added Net: Name=C
Added Pin To Net: NetName=D5/6 Pin=R10-1
Added Net: Name=D5/6
Added Pin To Net: NetName=DIG.1 Pin=R11-1
Added Net: Name=DIG.1
Added Pin To Net: NetName=DIG.2 Pin=R12-1
Added Net: Name=DIG.2
Added Pin To Net: NetName=DIG.3 Pin=R13-1
Added Net: Name=DIG.3
Added Pin To Net: NetName=DIG.4 Pin=R14-1
Added Net: Name=DIG.4
Added Pin To Net: NetName=DP Pin=R9-1
Added Net: Name=DP
Added Pin To Net: NetName=D Pin=R5-1
Added Net: Name=D
Added Pin To Net: NetName=E Pin=R6-1
Added Net: Name=E
Added Pin To Net: NetName=F Pin=R7-1
Added Net: Name=F
Added Pin To Net: NetName=G Pin=R8-1
Added Net: Name=G
