Added Component: Designator=C1(MLCC 0603 (1608))
Added Component: Designator=DD1(TQFP-32)
Added Component: Designator=HG1(GNQ-2841Cx/Dx)
Added Component: Designator=R1(Resistor 0603 (1208))
Added Component: Designator=R2(Resistor 0603 (1208))
Added Component: Designator=R3(Resistor 0603 (1208))
Added Component: Designator=R4(Resistor 0603 (1208))
Added Component: Designator=R5(Resistor 0603 (1208))
Added Component: Designator=R6(Resistor 0603 (1208))
Added Component: Designator=R7(Resistor 0603 (1208))
Added Component: Designator=R8(Resistor 0603 (1208))
Added Component: Designator=R9(Resistor 0603 (1208))
Added Component: Designator=R10(Resistor 0603 (1208))
Added Component: Designator=R11(Resistor 0603 (1208))
Added Component: Designator=R12(Resistor 0603 (1208))
Added Component: Designator=R13(Resistor 0603 (1208))
Added Component: Designator=R14(Resistor 0603 (1208))
Added Component: Designator=VT1(SOT-23)
Added Component: Designator=VT2(SOT-23)
Added Component: Designator=VT3(SOT-23)
Added Component: Designator=VT4(SOT-23)
Added Component: Designator=Y1(XTAL 32.768 kHz 0805)
Added Pin To Net: NetName=NetDD1_7 Pin=DD1-7
Added Pin To Net: NetName=NetDD1_7 Pin=Y1-2
Added Net: Name=NetDD1_7
Added Pin To Net: NetName=NetDD1_8 Pin=DD1-8
Added Pin To Net: NetName=NetDD1_8 Pin=Y1-1
Added Net: Name=NetDD1_8
Added Pin To Net: NetName=NetDD1_29 Pin=DD1-29
Added Pin To Net: NetName=NetDD1_29 Pin=R1-1
Added Net: Name=NetDD1_29
Added Pin To Net: NetName=NetHG1_1 Pin=HG1-1
Added Pin To Net: NetName=NetHG1_1 Pin=VT1-3
Added Net: Name=NetHG1_1
Added Pin To Net: NetName=NetHG1_2 Pin=HG1-2
Added Pin To Net: NetName=NetHG1_2 Pin=R5-2
Added Net: Name=NetHG1_2
Added Pin To Net: NetName=NetHG1_3 Pin=HG1-3
Added Pin To Net: NetName=NetHG1_3 Pin=R9-2
Added Net: Name=NetHG1_3
Added Pin To Net: NetName=NetHG1_4 Pin=HG1-4
Added Pin To Net: NetName=NetHG1_4 Pin=R6-2
Added Net: Name=NetHG1_4
Added Pin To Net: NetName=NetHG1_5 Pin=HG1-5
Added Pin To Net: NetName=NetHG1_5 Pin=VT3-3
Added Net: Name=NetHG1_5
Added Pin To Net: NetName=NetHG1_6 Pin=HG1-6
Added Pin To Net: NetName=NetHG1_6 Pin=R4-2
Added Net: Name=NetHG1_6
Added Pin To Net: NetName=NetHG1_8 Pin=HG1-8
Added Pin To Net: NetName=NetHG1_8 Pin=R3-2
Added Net: Name=NetHG1_8
Added Pin To Net: NetName=NetHG1_9 Pin=HG1-9
Added Pin To Net: NetName=NetHG1_9 Pin=VT4-3
Added Net: Name=NetHG1_9
Added Pin To Net: NetName=NetHG1_10 Pin=HG1-10
Added Pin To Net: NetName=NetHG1_10 Pin=R8-2
Added Net: Name=NetHG1_10
Added Pin To Net: NetName=NetHG1_11 Pin=HG1-11
Added Pin To Net: NetName=NetHG1_11 Pin=R10-2
Added Net: Name=NetHG1_11
Added Pin To Net: NetName=NetHG1_12 Pin=HG1-12
Added Pin To Net: NetName=NetHG1_12 Pin=VT2-3
Added Net: Name=NetHG1_12
Added Pin To Net: NetName=NetHG1_13 Pin=HG1-13
Added Pin To Net: NetName=NetHG1_13 Pin=R7-2
Added Net: Name=NetHG1_13
Added Pin To Net: NetName=NetHG1_14 Pin=HG1-14
Added Pin To Net: NetName=NetHG1_14 Pin=R2-2
Added Net: Name=NetHG1_14
Added Pin To Net: NetName=NetR11_2 Pin=R11-2
Added Pin To Net: NetName=NetR11_2 Pin=VT1-1
Added Net: Name=NetR11_2
Added Pin To Net: NetName=NetR12_2 Pin=R12-2
Added Pin To Net: NetName=NetR12_2 Pin=VT2-1
Added Net: Name=NetR12_2
Added Pin To Net: NetName=NetR13_2 Pin=R13-2
Added Pin To Net: NetName=NetR13_2 Pin=VT3-1
Added Net: Name=NetR13_2
Added Pin To Net: NetName=NetR14_2 Pin=R14-2
Added Pin To Net: NetName=NetR14_2 Pin=VT4-1
Added Net: Name=NetR14_2
Added Class: Name=Schematic
Added Room: Name=Schematic
