Added Pin To Net: NetName=A Pin=DD1-16
Added Pin To Net: NetName=A Pin=R2-1
Added Net: Name=A
Added Pin To Net: NetName=B Pin=DD1-9
Added Pin To Net: NetName=B Pin=R3-1
Added Net: Name=B
Added Pin To Net: NetName=C Pin=DD1-31
Added Pin To Net: NetName=C Pin=R4-1
Added Net: Name=C
Added Pin To Net: NetName=D5/6 Pin=DD1-17
Added Pin To Net: NetName=D5/6 Pin=R10-1
Added Net: Name=D5/6
Added Pin To Net: NetName=DIG.1 Pin=DD1-12
Added Pin To Net: NetName=DIG.1 Pin=R11-1
Added Net: Name=DIG.1
Added Pin To Net: NetName=DIG.2 Pin=DD1-13
Added Pin To Net: NetName=DIG.2 Pin=R12-1
Added Net: Name=DIG.2
Added Pin To Net: NetName=DIG.3 Pin=DD1-14
Added Pin To Net: NetName=DIG.3 Pin=R13-1
Added Net: Name=DIG.3
Added Pin To Net: NetName=DIG.4 Pin=DD1-11
Added Pin To Net: NetName=DIG.4 Pin=R14-1
Added Net: Name=DIG.4
Added Pin To Net: NetName=DP Pin=DD1-2
Added Pin To Net: NetName=DP Pin=R9-1
Added Net: Name=DP
Added Pin To Net: NetName=D Pin=DD1-1
Added Pin To Net: NetName=D Pin=R5-1
Added Net: Name=D
Added Pin To Net: NetName=E Pin=DD1-30
Added Pin To Net: NetName=E Pin=R6-1
Added Net: Name=E
Added Pin To Net: NetName=F Pin=DD1-15
Added Pin To Net: NetName=F Pin=R7-1
Added Net: Name=F
Added Pin To Net: NetName=GND Pin=C1-1
Added Pin To Net: NetName=GND Pin=DD1-3
Added Pin To Net: NetName=GND Pin=DD1-5
Added Pin To Net: NetName=GND Pin=DD1-21
Added Pin To Net: NetName=GND Pin=J2-1
Added Pin To Net: NetName=GND Pin=SB1-3
Added Pin To Net: NetName=GND Pin=SB1-4
Added Pin To Net: NetName=GND Pin=VT1-2
Added Pin To Net: NetName=GND Pin=VT2-2
Added Pin To Net: NetName=GND Pin=VT3-2
Added Pin To Net: NetName=GND Pin=VT4-2
Added Net: Name=GND
Added Pin To Net: NetName=G Pin=DD1-10
Added Pin To Net: NetName=G Pin=R8-1
Added Net: Name=G
Added Pin To Net: NetName=NetDD1_7 Pin=DD1-7
Added Pin To Net: NetName=NetDD1_7 Pin=Y1-2
Added Net: Name=NetDD1_7
Added Pin To Net: NetName=NetDD1_8 Pin=DD1-8
Added Pin To Net: NetName=NetDD1_8 Pin=Y1-1
Added Net: Name=NetDD1_8
Added Pin To Net: NetName=NetDD1_29 Pin=DD1-29
Added Pin To Net: NetName=NetDD1_29 Pin=R1-1
Added Net: Name=NetDD1_29
Added Pin To Net: NetName=NetDD1_32 Pin=DD1-32
Added Pin To Net: NetName=NetDD1_32 Pin=SB1-1
Added Pin To Net: NetName=NetDD1_32 Pin=SB1-2
Added Net: Name=NetDD1_32
Added Pin To Net: NetName=NetHG1_1 Pin=HG1-1
Added Pin To Net: NetName=NetHG1_1 Pin=VT1-3
Added Net: Name=NetHG1_1
Added Pin To Net: NetName=NetHG1_2 Pin=HG1-2
Added Pin To Net: NetName=NetHG1_2 Pin=R5-2
Added Net: Name=NetHG1_2
Added Pin To Net: NetName=NetHG1_3 Pin=HG1-3
Added Pin To Net: NetName=NetHG1_3 Pin=R9-2
Added Net: Name=NetHG1_3
Added Pin To Net: NetName=NetHG1_4 Pin=HG1-4
Added Pin To Net: NetName=NetHG1_4 Pin=R6-2
Added Net: Name=NetHG1_4
Added Pin To Net: NetName=NetHG1_5 Pin=HG1-5
Added Pin To Net: NetName=NetHG1_5 Pin=VT3-3
Added Net: Name=NetHG1_5
Added Pin To Net: NetName=NetHG1_6 Pin=HG1-6
Added Pin To Net: NetName=NetHG1_6 Pin=R4-2
Added Net: Name=NetHG1_6
Added Pin To Net: NetName=NetHG1_8 Pin=HG1-8
Added Pin To Net: NetName=NetHG1_8 Pin=R3-2
Added Net: Name=NetHG1_8
Added Pin To Net: NetName=NetHG1_9 Pin=HG1-9
Added Pin To Net: NetName=NetHG1_9 Pin=VT4-3
Added Net: Name=NetHG1_9
Added Pin To Net: NetName=NetHG1_10 Pin=HG1-10
Added Pin To Net: NetName=NetHG1_10 Pin=R8-2
Added Net: Name=NetHG1_10
Added Pin To Net: NetName=NetHG1_11 Pin=HG1-11
Added Pin To Net: NetName=NetHG1_11 Pin=R10-2
Added Net: Name=NetHG1_11
Added Pin To Net: NetName=NetHG1_12 Pin=HG1-12
Added Pin To Net: NetName=NetHG1_12 Pin=VT2-3
Added Net: Name=NetHG1_12
Added Pin To Net: NetName=NetHG1_13 Pin=HG1-13
Added Pin To Net: NetName=NetHG1_13 Pin=R7-2
Added Net: Name=NetHG1_13
Added Pin To Net: NetName=NetHG1_14 Pin=HG1-14
Added Pin To Net: NetName=NetHG1_14 Pin=R2-2
Added Net: Name=NetHG1_14
Added Pin To Net: NetName=NetR11_2 Pin=R11-2
Added Pin To Net: NetName=NetR11_2 Pin=VT1-1
Added Net: Name=NetR11_2
Added Pin To Net: NetName=NetR12_2 Pin=R12-2
Added Pin To Net: NetName=NetR12_2 Pin=VT2-1
Added Net: Name=NetR12_2
Added Pin To Net: NetName=NetR13_2 Pin=R13-2
Added Pin To Net: NetName=NetR13_2 Pin=VT3-1
Added Net: Name=NetR13_2
Added Pin To Net: NetName=NetR14_2 Pin=R14-2
Added Pin To Net: NetName=NetR14_2 Pin=VT4-1
Added Net: Name=NetR14_2
Added Pin To Net: NetName=VCC Pin=C1-2
Added Pin To Net: NetName=VCC Pin=DD1-4
Added Pin To Net: NetName=VCC Pin=DD1-6
Added Pin To Net: NetName=VCC Pin=DD1-18
Added Pin To Net: NetName=VCC Pin=J1-1
Added Pin To Net: NetName=VCC Pin=R1-2
Added Net: Name=VCC
Added Class: Name=Schematic
